TN:
SF:server.js
FN:16,(anonymous_0)
FN:22,(anonymous_1)
FNF:2
FNH:0
FNDA:0,(anonymous_0)
FNDA:0,(anonymous_1)
DA:6,2
DA:7,2
DA:10,2
DA:13,2
DA:16,2
DA:17,0
DA:19,0
DA:22,0
DA:23,0
DA:26,0
LF:10
LH:5
BRF:0
BRH:0
end_of_record
TN:
SF:controllers\healthController.js
FN:4,(anonymous_0)
FN:63,(anonymous_1)
FNF:2
FNH:2
FNDA:9,(anonymous_0)
FNDA:8,(anonymous_1)
DA:4,2
DA:5,9
DA:7,9
DA:8,2
DA:10,2
DA:19,7
DA:20,2
DA:21,2
DA:30,5
DA:31,5
DA:32,1
DA:33,1
DA:42,4
DA:45,2
DA:52,2
DA:53,2
DA:63,2
DA:64,8
DA:65,8
LF:19
LH:19
BRDA:7,0,0,2
BRDA:7,0,1,7
BRDA:7,1,0,9
BRDA:7,1,1,2
BRDA:19,2,0,2
BRDA:19,2,1,5
BRDA:31,3,0,1
BRDA:31,3,1,4
BRF:8
BRH:8
end_of_record
TN:
SF:models\healthModel.js
FNF:0
FNH:0
DA:5,3
LF:1
LH:1
BRF:0
BRH:0
end_of_record
TN:
SF:models\index.js
FN:5,(anonymous_0)
FNF:1
FNH:0
FNDA:0,(anonymous_0)
DA:5,2
DA:6,0
DA:8,0
DA:11,0
DA:13,0
DA:15,0
DA:16,0
LF:7
LH:1
BRF:0
BRH:0
end_of_record
TN:
SF:routes\healthRoutes.js
FNF:0
FNH:0
DA:4,2
DA:7,2
DA:10,2
LF:3
LH:3
BRF:0
BRH:0
end_of_record
TN:
SF:services\healthService.js
FN:5,(anonymous_0)
FN:16,(anonymous_1)
FNF:2
FNH:2
FNDA:2,(anonymous_0)
FNDA:2,(anonymous_1)
DA:5,2
DA:6,2
DA:7,2
DA:8,1
DA:10,1
DA:11,1
DA:16,2
DA:17,2
DA:18,2
DA:19,2
DA:21,0
DA:22,0
LF:12
LH:10
BRF:0
BRH:0
end_of_record
TN:
SF:utils\sequelize.js
FNF:0
FNH:0
DA:4,3
DA:6,3
DA:7,3
DA:8,3
DA:9,3
DA:10,3
DA:13,3
LF:7
LH:7
BRDA:6,0,0,3
BRDA:6,0,1,0
BRF:2
BRH:1
end_of_record
